Traceback (most recent call last):
  File "<stdin>", line 2, in <module>
ModuleNotFoundError: No module named 'pandas'

ERROR conda.cli.main_run:execute(127): `conda run /bin/bash -lc ./publish.sh` failed. (See above for error)
Transfer starting: 1 files

sent 109 bytes  received 20 bytes  117272 bytes/sec
total size is 417  speedup is 3.23
Transfer starting: 5 files

sent 302 bytes  received 20 bytes  103870 bytes/sec
total size is 210837  speedup is 654.77

Traceback (most recent call last):
  File "<stdin>", line 2, in <module>
ModuleNotFoundError: No module named 'pandas'

ERROR conda.cli.main_run:execute(127): `conda run /bin/bash -lc ./publish.sh` failed. (See above for error)
Transfer starting: 1 files

sent 109 bytes  received 20 bytes  117272 bytes/sec
total size is 417  speedup is 3.23
Transfer starting: 5 files

sent 302 bytes  received 20 bytes  153333 bytes/sec
total size is 210837  speedup is 654.77

